<?xml version="1.0" encoding="UTF-8"?>
<testsuite xmlns:xsi="http://www.w3.org/2001/XMLSchema-instance" xsi:noNamespaceSchemaLocation="https://maven.apache.org/surefire/maven-surefire-plugin/xsd/surefire-test-report-3.0.xsd" version="3.0" name="algorithms.MinHeapTest" time="0.118" tests="6" errors="0" skipped="0" failures="0">
  <properties>
[...]
</properties>
  <testcase name="testDecreaseKey" classname="algorithms.MinHeapTest" time="0.042"/>
  <testcase name="testMergeHeaps" classname="algorithms.MinHeapTest" time="0.004"/>
  <testcase name="testInsertAndExtractMin" classname="algorithms.MinHeapTest" time="0.002"/>
  <testcase name="testPeekAndArrayCopy" classname="algorithms.MinHeapTest" time="0.001"/>
  <testcase name="testIllegalDecreaseKey" classname="algorithms.MinHeapTest" time="0.007"/>
  <testcase name="testEmptyHeapBehavior" classname="algorithms.MinHeapTest" time="0.001"/>
</testsuite>